# JRE version: OpenJDK Runtime Environment (7.0_91-b02) (build 1.7.0_91-b02)
# Java VM: OpenJDK 64-Bit Server VM (24.91-b01 mixed mode linux-amd64 compressed oops)
Heap
 PSYoungGen      total 103424K, used 7656K [0x00000000f1000000, 0x00000000f7e00000, 0x0000000100000000)
  eden space 95744K, 0% used [0x00000000f1000000,0x00000000f1000000,0x00000000f6d80000)
  from space 7680K, 99% used [0x00000000f6d80000,0x00000000f74fa0d0,0x00000000f7500000)
  to   space 6144K, 0% used [0x00000000f7500000,0x00000000f7500000,0x00000000f7b00000)
 ParOldGen       total 30720K, used 15064K [0x00000000d3000000, 0x00000000d4e00000, 0x00000000f1000000)
  object space 30720K, 49% used [0x00000000d3000000,0x00000000d3eb63b8,0x00000000d4e00000)
 PSPermGen       total 21504K, used 20145K [0x00000000c8a00000, 0x00000000c9f00000, 0x00000000d3000000)
  object space 21504K, 93% used [0x00000000c8a00000,0x00000000c9dac4a0,0x00000000c9f00000)
GC Heap History (10 events):
Event: 3,864 GC heap after
Heap after GC invocations=4 (full 0):
 PSYoungGen      total 26112K, used 1504K [0x00000000f1000000, 0x00000000f2b00000, 0x0000000100000000)
  eden space 24576K, 0% used [0x00000000f1000000,0x00000000f1000000,0x00000000f2800000)
  from space 1536K, 97% used [0x00000000f2980000,0x00000000f2af8020,0x00000000f2b00000)
  to   space 1536K, 0% used [0x00000000f2800000,0x00000000f2800000,0x00000000f2980000)
 ParOldGen       total 30720K, used 4151K [0x00000000d3000000, 0x00000000d4e00000, 0x00000000f1000000)
  object space 30720K, 13% used [0x00000000d3000000,0x00000000d340deb0,0x00000000d4e00000)
 PSPermGen       total 21504K, used 10040K [0x00000000c8a00000, 0x00000000c9f00000, 0x00000000d3000000)
  object space 21504K, 46% used [0x00000000c8a00000,0x00000000c93ce2a0,0x00000000c9f00000)
}
Event: 4,745 GC heap before
{Heap before GC invocations=5 (full 0):
 PSYoungGen      total 26112K, used 26080K [0x00000000f1000000, 0x00000000f2b00000, 0x0000000100000000)
  eden space 24576K, 100% used [0x00000000f1000000,0x00000000f2800000,0x00000000f2800000)
  from space 1536K, 97% used [0x00000000f2980000,0x00000000f2af8020,0x00000000f2b00000)
  to   space 1536K, 0% used [0x00000000f2800000,0x00000000f2800000,0x00000000f2980000)
 ParOldGen       total 30720K, used 4151K [0x00000000d3000000, 0x00000000d4e00000, 0x00000000f1000000)
  object space 30720K, 13% used [0x00000000d3000000,0x00000000d340deb0,0x00000000d4e00000)
 PSPermGen       total 21504K, used 12653K [0x00000000c8a00000, 0x00000000c9f00000, 0x00000000d3000000)
  object space 21504K, 58% used [0x00000000c8a00000,0x00000000c965b528,0x00000000c9f00000)
Event: 4,757 GC heap after
Heap after GC invocations=5 (full 0):
 PSYoungGen      total 26112K, used 1520K [0x00000000f1000000, 0x00000000f4900000, 0x0000000100000000)
  eden space 24576K, 0% used [0x00000000f1000000,0x00000000f1000000,0x00000000f2800000)
  from space 1536K, 98% used [0x00000000f2800000,0x00000000f297c010,0x00000000f2980000)
  to   space 4608K, 0% used [0x00000000f4480000,0x00000000f4480000,0x00000000f4900000)
 ParOldGen       total 30720K, used 6621K [0x00000000d3000000, 0x00000000d4e00000, 0x00000000f1000000)
  object space 30720K, 21% used [0x00000000d3000000,0x00000000d3677568,0x00000000d4e00000)
 PSPermGen       total 21504K, used 12653K [0x00000000c8a00000, 0x00000000c9f00000, 0x00000000d3000000)
  object space 21504K, 58% used [0x00000000c8a00000,0x00000000c965b528,0x00000000c9f00000)
}
Event: 5,881 GC heap before
{Heap before GC invocations=6 (full 0):
 PSYoungGen      total 26112K, used 26096K [0x00000000f1000000, 0x00000000f4900000, 0x0000000100000000)
  eden space 24576K, 100% used [0x00000000f1000000,0x00000000f2800000,0x00000000f2800000)
  from space 1536K, 98% used [0x00000000f2800000,0x00000000f297c010,0x00000000f2980000)
  to   space 4608K, 0% used [0x00000000f4480000,0x00000000f4480000,0x00000000f4900000)
 ParOldGen       total 30720K, used 6621K [0x00000000d3000000, 0x00000000d4e00000, 0x00000000f1000000)
  object space 30720K, 21% used [0x00000000d3000000,0x00000000d3677568,0x00000000d4e00000)
 PSPermGen       total 21504K, used 13951K [0x00000000c8a00000, 0x00000000c9f00000, 0x00000000d3000000)
  object space 21504K, 64% used [0x00000000c8a00000,0x00000000c979fe98,0x00000000c9f00000)
Event: 5,894 GC heap after
Heap after GC invocations=6 (full 0):
 PSYoungGen      total 53248K, used 4238K [0x00000000f1000000, 0x00000000f4a00000, 0x0000000100000000)
  eden space 48640K, 0% used [0x00000000f1000000,0x00000000f1000000,0x00000000f3f80000)
  from space 4608K, 91% used [0x00000000f4480000,0x00000000f48a3bd0,0x00000000f4900000)
  to   space 5120K, 0% used [0x00000000f3f80000,0x00000000f3f80000,0x00000000f4480000)
 ParOldGen       total 30720K, used 6629K [0x00000000d3000000, 0x00000000d4e00000, 0x00000000f1000000)
  object space 30720K, 21% used [0x00000000d3000000,0x00000000d3679568,0x00000000d4e00000)
 PSPermGen       total 21504K, used 13951K [0x00000000c8a00000, 0x00000000c9f00000, 0x00000000d3000000)
  object space 21504K, 64% used [0x00000000c8a00000,0x00000000c979fe98,0x00000000c9f00000)
}
Event: 7,814 GC heap before
{Heap before GC invocations=7 (full 0):
 PSYoungGen      total 53248K, used 52878K [0x00000000f1000000, 0x00000000f4a00000, 0x0000000100000000)
  eden space 48640K, 100% used [0x00000000f1000000,0x00000000f3f80000,0x00000000f3f80000)
  from space 4608K, 91% used [0x00000000f4480000,0x00000000f48a3bd0,0x00000000f4900000)
  to   space 5120K, 0% used [0x00000000f3f80000,0x00000000f3f80000,0x00000000f4480000)
 ParOldGen       total 30720K, used 6629K [0x00000000d3000000, 0x00000000d4e00000, 0x00000000f1000000)
  object space 30720K, 21% used [0x00000000d3000000,0x00000000d3679568,0x00000000d4e00000)
 PSPermGen       total 21504K, used 14201K [0x00000000c8a00000, 0x00000000c9f00000, 0x00000000d3000000)
  object space 21504K, 66% used [0x00000000c8a00000,0x00000000c97de570,0x00000000c9f00000)
Event: 7,833 GC heap after
Heap after GC invocations=7 (full 0):
 PSYoungGen      total 53760K, used 5120K [0x00000000f1000000, 0x00000000f7b00000, 0x0000000100000000)
  eden space 48640K, 0% used [0x00000000f1000000,0x00000000f1000000,0x00000000f3f80000)
  from space 5120K, 100% used [0x00000000f3f80000,0x00000000f4480000,0x00000000f4480000)
  to   space 6144K, 0% used [0x00000000f7500000,0x00000000f7500000,0x00000000f7b00000)
 ParOldGen       total 30720K, used 7329K [0x00000000d3000000, 0x00000000d4e00000, 0x00000000f1000000)
  object space 30720K, 23% used [0x00000000d3000000,0x00000000d3728508,0x00000000d4e00000)
 PSPermGen       total 21504K, used 14201K [0x00000000c8a00000, 0x00000000c9f00000, 0x00000000d3000000)
  object space 21504K, 66% used [0x00000000c8a00000,0x00000000c97de570,0x00000000c9f00000)
}
Event: 9,526 GC heap before
{Heap before GC invocations=8 (full 0):
 PSYoungGen      total 53760K, used 53760K [0x00000000f1000000, 0x00000000f7b00000, 0x0000000100000000)
  eden space 48640K, 100% used [0x00000000f1000000,0x00000000f3f80000,0x00000000f3f80000)
  from space 5120K, 100% used [0x00000000f3f80000,0x00000000f4480000,0x00000000f4480000)
  to   space 6144K, 0% used [0x00000000f7500000,0x00000000f7500000,0x00000000f7b00000)
 ParOldGen       total 30720K, used 7329K [0x00000000d3000000, 0x00000000d4e00000, 0x00000000f1000000)
  object space 30720K, 23% used [0x00000000d3000000,0x00000000d3728508,0x00000000d4e00000)
 PSPermGen       total 21504K, used 15268K [0x00000000c8a00000, 0x00000000c9f00000, 0x00000000d3000000)
  object space 21504K, 71% used [0x00000000c8a00000,0x00000000c98e9168,0x00000000c9f00000)
Event: 9,567 GC heap after
Heap after GC invocations=8 (full 0):
 PSYoungGen      total 101888K, used 6144K [0x00000000f1000000, 0x00000000f7e00000, 0x0000000100000000)
  eden space 95744K, 0% used [0x00000000f1000000,0x00000000f1000000,0x00000000f6d80000)
  from space 6144K, 100% used [0x00000000f7500000,0x00000000f7b00000,0x00000000f7b00000)
  to   space 7680K, 0% used [0x00000000f6d80000,0x00000000f6d80000,0x00000000f7500000)
 ParOldGen       total 30720K, used 9107K [0x00000000d3000000, 0x00000000d4e00000, 0x00000000f1000000)
  object space 30720K, 29% used [0x00000000d3000000,0x00000000d38e4e10,0x00000000d4e00000)
 PSPermGen       total 21504K, used 15268K [0x00000000c8a00000, 0x00000000c9f00000, 0x00000000d3000000)
  object space 21504K, 71% used [0x00000000c8a00000,0x00000000c98e9168,0x00000000c9f00000)
}
Event: 13,850 GC heap before
{Heap before GC invocations=9 (full 0):
 PSYoungGen      total 101888K, used 101888K [0x00000000f1000000, 0x00000000f7e00000, 0x0000000100000000)
  eden space 95744K, 100% used [0x00000000f1000000,0x00000000f6d80000,0x00000000f6d80000)
  from space 6144K, 100% used [0x00000000f7500000,0x00000000f7b00000,0x00000000f7b00000)
  to   space 7680K, 0% used [0x00000000f6d80000,0x00000000f6d80000,0x00000000f7500000)
 ParOldGen       total 30720K, used 9107K [0x00000000d3000000, 0x00000000d4e00000, 0x00000000f1000000)
  object space 30720K, 29% used [0x00000000d3000000,0x00000000d38e4e10,0x00000000d4e00000)
 PSPermGen       total 21504K, used 20145K [0x00000000c8a00000, 0x00000000c9f00000, 0x00000000d3000000)
  object space 21504K, 93% used [0x00000000c8a00000,0x00000000c9dac4a0,0x00000000c9f00000)

