# JRE version: OpenJDK Runtime Environment (7.0_91-b02) (build 1.7.0_91-b02)
# Java VM: OpenJDK 64-Bit Server VM (24.91-b01 mixed mode linux-amd64 compressed oops)
Heap
 PSYoungGen      total 105984K, used 4352K [0x00000000f1000000, 0x00000000f7f00000, 0x0000000100000000)
  eden space 98304K, 0% used [0x00000000f1000000,0x00000000f1000000,0x00000000f7000000)
  from space 7680K, 56% used [0x00000000f7000000,0x00000000f7440000,0x00000000f7780000)
  to   space 6656K, 0% used [0x00000000f7880000,0x00000000f7880000,0x00000000f7f00000)
 ParOldGen       total 30720K, used 13701K [0x00000000d3000000, 0x00000000d4e00000, 0x00000000f1000000)
  object space 30720K, 44% used [0x00000000d3000000,0x00000000d3d617f0,0x00000000d4e00000)
 PSPermGen       total 21504K, used 19416K [0x00000000c8a00000, 0x00000000c9f00000, 0x00000000d3000000)
  object space 21504K, 90% used [0x00000000c8a00000,0x00000000c9cf6250,0x00000000c9f00000)
GC Heap History (10 events):
Event: 0,788 GC heap after
Heap after GC invocations=2 (full 0):
 PSYoungGen      total 26112K, used 1532K [0x00000000f1000000, 0x00000000f2b00000, 0x0000000100000000)
  eden space 24576K, 0% used [0x00000000f1000000,0x00000000f1000000,0x00000000f2800000)
  from space 1536K, 99% used [0x00000000f2980000,0x00000000f2aff1a0,0x00000000f2b00000)
  to   space 1536K, 0% used [0x00000000f2800000,0x00000000f2800000,0x00000000f2980000)
 ParOldGen       total 30720K, used 1534K [0x00000000d3000000, 0x00000000d4e00000, 0x00000000f1000000)
  object space 30720K, 4% used [0x00000000d3000000,0x00000000d317fa88,0x00000000d4e00000)
 PSPermGen       total 21504K, used 7284K [0x00000000c8a00000, 0x00000000c9f00000, 0x00000000d3000000)
  object space 21504K, 33% used [0x00000000c8a00000,0x00000000c911d1c8,0x00000000c9f00000)
}
Event: 1,490 GC heap before
{Heap before GC invocations=3 (full 0):
 PSYoungGen      total 26112K, used 26108K [0x00000000f1000000, 0x00000000f2b00000, 0x0000000100000000)
  eden space 24576K, 100% used [0x00000000f1000000,0x00000000f2800000,0x00000000f2800000)
  from space 1536K, 99% used [0x00000000f2980000,0x00000000f2aff1a0,0x00000000f2b00000)
  to   space 1536K, 0% used [0x00000000f2800000,0x00000000f2800000,0x00000000f2980000)
 ParOldGen       total 30720K, used 1534K [0x00000000d3000000, 0x00000000d4e00000, 0x00000000f1000000)
  object space 30720K, 4% used [0x00000000d3000000,0x00000000d317fa88,0x00000000d4e00000)
 PSPermGen       total 21504K, used 10041K [0x00000000c8a00000, 0x00000000c9f00000, 0x00000000d3000000)
  object space 21504K, 46% used [0x00000000c8a00000,0x00000000c93ce560,0x00000000c9f00000)
Event: 1,498 GC heap after
Heap after GC invocations=3 (full 0):
 PSYoungGen      total 26112K, used 1536K [0x00000000f1000000, 0x00000000f4300000, 0x0000000100000000)
  eden space 24576K, 0% used [0x00000000f1000000,0x00000000f1000000,0x00000000f2800000)
  from space 1536K, 100% used [0x00000000f2800000,0x00000000f2980000,0x00000000f2980000)
  to   space 1536K, 0% used [0x00000000f4180000,0x00000000f4180000,0x00000000f4300000)
 ParOldGen       total 30720K, used 4118K [0x00000000d3000000, 0x00000000d4e00000, 0x00000000f1000000)
  object space 30720K, 13% used [0x00000000d3000000,0x00000000d3405888,0x00000000d4e00000)
 PSPermGen       total 21504K, used 10041K [0x00000000c8a00000, 0x00000000c9f00000, 0x00000000d3000000)
  object space 21504K, 46% used [0x00000000c8a00000,0x00000000c93ce560,0x00000000c9f00000)
}
Event: 2,083 GC heap before
{Heap before GC invocations=4 (full 0):
 PSYoungGen      total 26112K, used 26112K [0x00000000f1000000, 0x00000000f4300000, 0x0000000100000000)
  eden space 24576K, 100% used [0x00000000f1000000,0x00000000f2800000,0x00000000f2800000)
  from space 1536K, 100% used [0x00000000f2800000,0x00000000f2980000,0x00000000f2980000)
  to   space 1536K, 0% used [0x00000000f4180000,0x00000000f4180000,0x00000000f4300000)
 ParOldGen       total 30720K, used 4118K [0x00000000d3000000, 0x00000000d4e00000, 0x00000000f1000000)
  object space 30720K, 13% used [0x00000000d3000000,0x00000000d3405888,0x00000000d4e00000)
 PSPermGen       total 21504K, used 12653K [0x00000000c8a00000, 0x00000000c9f00000, 0x00000000d3000000)
  object space 21504K, 58% used [0x00000000c8a00000,0x00000000c965b488,0x00000000c9f00000)
Event: 2,095 GC heap after
Heap after GC invocations=4 (full 0):
 PSYoungGen      total 50688K, used 1520K [0x00000000f1000000, 0x00000000f4300000, 0x0000000100000000)
  eden space 49152K, 0% used [0x00000000f1000000,0x00000000f1000000,0x00000000f4000000)
  from space 1536K, 98% used [0x00000000f4180000,0x00000000f42fc010,0x00000000f4300000)
  to   space 1536K, 0% used [0x00000000f4000000,0x00000000f4000000,0x00000000f4180000)
 ParOldGen       total 30720K, used 6584K [0x00000000d3000000, 0x00000000d4e00000, 0x00000000f1000000)
  object space 30720K, 21% used [0x00000000d3000000,0x00000000d366e068,0x00000000d4e00000)
 PSPermGen       total 21504K, used 12653K [0x00000000c8a00000, 0x00000000c9f00000, 0x00000000d3000000)
  object space 21504K, 58% used [0x00000000c8a00000,0x00000000c965b488,0x00000000c9f00000)
}
Event: 10,197 GC heap before
{Heap before GC invocations=5 (full 0):
 PSYoungGen      total 50688K, used 50672K [0x00000000f1000000, 0x00000000f4300000, 0x0000000100000000)
  eden space 49152K, 100% used [0x00000000f1000000,0x00000000f4000000,0x00000000f4000000)
  from space 1536K, 98% used [0x00000000f4180000,0x00000000f42fc010,0x00000000f4300000)
  to   space 1536K, 0% used [0x00000000f4000000,0x00000000f4000000,0x00000000f4180000)
 ParOldGen       total 30720K, used 6584K [0x00000000d3000000, 0x00000000d4e00000, 0x00000000f1000000)
  object space 30720K, 21% used [0x00000000d3000000,0x00000000d366e068,0x00000000d4e00000)
 PSPermGen       total 21504K, used 19038K [0x00000000c8a00000, 0x00000000c9f00000, 0x00000000d3000000)
  object space 21504K, 88% used [0x00000000c8a00000,0x00000000c9c97918,0x00000000c9f00000)
Event: 10,234 GC heap after
Heap after GC invocations=5 (full 0):
 PSYoungGen      total 50688K, used 1520K [0x00000000f1000000, 0x00000000f8100000, 0x0000000100000000)
  eden space 49152K, 0% used [0x00000000f1000000,0x00000000f1000000,0x00000000f4000000)
  from space 1536K, 98% used [0x00000000f4000000,0x00000000f417c010,0x00000000f4180000)
  to   space 8704K, 0% used [0x00000000f7880000,0x00000000f7880000,0x00000000f8100000)
 ParOldGen       total 30720K, used 13453K [0x00000000d3000000, 0x00000000d4e00000, 0x00000000f1000000)
  object space 30720K, 43% used [0x00000000d3000000,0x00000000d3d237a0,0x00000000d4e00000)
 PSPermGen       total 21504K, used 19038K [0x00000000c8a00000, 0x00000000c9f00000, 0x00000000d3000000)
  object space 21504K, 88% used [0x00000000c8a00000,0x00000000c9c97918,0x00000000c9f00000)
}
Event: 22,560 GC heap before
{Heap before GC invocations=6 (full 0):
 PSYoungGen      total 50688K, used 50672K [0x00000000f1000000, 0x00000000f8100000, 0x0000000100000000)
  eden space 49152K, 100% used [0x00000000f1000000,0x00000000f4000000,0x00000000f4000000)
  from space 1536K, 98% used [0x00000000f4000000,0x00000000f417c010,0x00000000f4180000)
  to   space 8704K, 0% used [0x00000000f7880000,0x00000000f7880000,0x00000000f8100000)
 ParOldGen       total 30720K, used 13453K [0x00000000d3000000, 0x00000000d4e00000, 0x00000000f1000000)
  object space 30720K, 43% used [0x00000000d3000000,0x00000000d3d237a0,0x00000000d4e00000)
 PSPermGen       total 21504K, used 19332K [0x00000000c8a00000, 0x00000000c9f00000, 0x00000000d3000000)
  object space 21504K, 89% used [0x00000000c8a00000,0x00000000c9ce13c0,0x00000000c9f00000)
Event: 23,016 GC heap after
Heap after GC invocations=6 (full 0):
 PSYoungGen      total 104960K, used 4051K [0x00000000f1000000, 0x00000000f7f00000, 0x0000000100000000)
  eden space 98304K, 0% used [0x00000000f1000000,0x00000000f1000000,0x00000000f7000000)
  from space 6656K, 60% used [0x00000000f7880000,0x00000000f7c74d38,0x00000000f7f00000)
  to   space 7680K, 0% used [0x00000000f7000000,0x00000000f7000000,0x00000000f7780000)
 ParOldGen       total 30720K, used 13453K [0x00000000d3000000, 0x00000000d4e00000, 0x00000000f1000000)
  object space 30720K, 43% used [0x00000000d3000000,0x00000000d3d237a0,0x00000000d4e00000)
 PSPermGen       total 21504K, used 19332K [0x00000000c8a00000, 0x00000000c9f00000, 0x00000000d3000000)
  object space 21504K, 89% used [0x00000000c8a00000,0x00000000c9ce13c0,0x00000000c9f00000)
}
Event: 72,758 GC heap before
{Heap before GC invocations=7 (full 0):
 PSYoungGen      total 104960K, used 102355K [0x00000000f1000000, 0x00000000f7f00000, 0x0000000100000000)
  eden space 98304K, 100% used [0x00000000f1000000,0x00000000f7000000,0x00000000f7000000)
  from space 6656K, 60% used [0x00000000f7880000,0x00000000f7c74d38,0x00000000f7f00000)
  to   space 7680K, 0% used [0x00000000f7000000,0x00000000f7000000,0x00000000f7780000)
 ParOldGen       total 30720K, used 13453K [0x00000000d3000000, 0x00000000d4e00000, 0x00000000f1000000)
  object space 30720K, 43% used [0x00000000d3000000,0x00000000d3d237a0,0x00000000d4e00000)
 PSPermGen       total 21504K, used 19416K [0x00000000c8a00000, 0x00000000c9f00000, 0x00000000d3000000)
  object space 21504K, 90% used [0x00000000c8a00000,0x00000000c9cf6250,0x00000000c9f00000)

