# JRE version: OpenJDK Runtime Environment (7.0_91-b02) (build 1.7.0_91-b02)
# Java VM: OpenJDK 64-Bit Server VM (24.91-b01 mixed mode linux-amd64 compressed oops)
Heap
 PSYoungGen      total 125952K, used 9712K [0x00000000f1000000, 0x00000000f9e00000, 0x0000000100000000)
  eden space 116224K, 0% used [0x00000000f1000000,0x00000000f1000000,0x00000000f8180000)
  from space 9728K, 99% used [0x00000000f9480000,0x00000000f9dfc1d8,0x00000000f9e00000)
  to   space 10240K, 0% used [0x00000000f8a80000,0x00000000f8a80000,0x00000000f9480000)
 ParOldGen       total 37888K, used 29712K [0x00000000d3000000, 0x00000000d5500000, 0x00000000f1000000)
  object space 37888K, 78% used [0x00000000d3000000,0x00000000d4d043d8,0x00000000d5500000)
 PSPermGen       total 43008K, used 23942K [0x00000000c8a00000, 0x00000000cb400000, 0x00000000d3000000)
  object space 43008K, 55% used [0x00000000c8a00000,0x00000000ca161868,0x00000000cb400000)
GC Heap History (10 events):
Event: 71,221 GC heap after
Heap after GC invocations=12 (full 1):
 PSYoungGen      total 90624K, used 0K [0x00000000f1000000, 0x00000000fb400000, 0x0000000100000000)
  eden space 89088K, 0% used [0x00000000f1000000,0x00000000f1000000,0x00000000f6700000)
  from space 1536K, 0% used [0x00000000fa380000,0x00000000fa380000,0x00000000fa500000)
  to   space 12288K, 0% used [0x00000000fa800000,0x00000000fa800000,0x00000000fb400000)
 ParOldGen       total 37888K, used 18599K [0x00000000d3000000, 0x00000000d5500000, 0x00000000f1000000)
  object space 37888K, 49% used [0x00000000d3000000,0x00000000d4229f20,0x00000000d5500000)
 PSPermGen       total 43008K, used 21490K [0x00000000c8a00000, 0x00000000cb400000, 0x00000000d3000000)
  object space 43008K, 49% used [0x00000000c8a00000,0x00000000c9efcbd8,0x00000000cb400000)
}
Event: 80,848 GC heap before
{Heap before GC invocations=13 (full 1):
 PSYoungGen      total 90624K, used 89088K [0x00000000f1000000, 0x00000000fb400000, 0x0000000100000000)
  eden space 89088K, 100% used [0x00000000f1000000,0x00000000f6700000,0x00000000f6700000)
  from space 1536K, 0% used [0x00000000fa380000,0x00000000fa380000,0x00000000fa500000)
  to   space 12288K, 0% used [0x00000000fa800000,0x00000000fa800000,0x00000000fb400000)
 ParOldGen       total 37888K, used 18599K [0x00000000d3000000, 0x00000000d5500000, 0x00000000f1000000)
  object space 37888K, 49% used [0x00000000d3000000,0x00000000d4229f20,0x00000000d5500000)
 PSPermGen       total 43008K, used 23425K [0x00000000c8a00000, 0x00000000cb400000, 0x00000000d3000000)
  object space 43008K, 54% used [0x00000000c8a00000,0x00000000ca0e0788,0x00000000cb400000)
Event: 80,882 GC heap after
Heap after GC invocations=13 (full 1):
 PSYoungGen      total 90112K, used 4544K [0x00000000f1000000, 0x00000000fac80000, 0x0000000100000000)
  eden space 85504K, 0% used [0x00000000f1000000,0x00000000f1000000,0x00000000f6380000)
  from space 4608K, 98% used [0x00000000fa800000,0x00000000fac702f8,0x00000000fac80000)
  to   space 11264K, 0% used [0x00000000f9680000,0x00000000f9680000,0x00000000fa180000)
 ParOldGen       total 37888K, used 18599K [0x00000000d3000000, 0x00000000d5500000, 0x00000000f1000000)
  object space 37888K, 49% used [0x00000000d3000000,0x00000000d4229f20,0x00000000d5500000)
 PSPermGen       total 43008K, used 23425K [0x00000000c8a00000, 0x00000000cb400000, 0x00000000d3000000)
  object space 43008K, 54% used [0x00000000c8a00000,0x00000000ca0e0788,0x00000000cb400000)
}
Event: 81,677 GC heap before
{Heap before GC invocations=14 (full 1):
 PSYoungGen      total 90112K, used 90048K [0x00000000f1000000, 0x00000000fac80000, 0x0000000100000000)
  eden space 85504K, 100% used [0x00000000f1000000,0x00000000f6380000,0x00000000f6380000)
  from space 4608K, 98% used [0x00000000fa800000,0x00000000fac702f8,0x00000000fac80000)
  to   space 11264K, 0% used [0x00000000f9680000,0x00000000f9680000,0x00000000fa180000)
 ParOldGen       total 37888K, used 18599K [0x00000000d3000000, 0x00000000d5500000, 0x00000000f1000000)
  object space 37888K, 49% used [0x00000000d3000000,0x00000000d4229f20,0x00000000d5500000)
 PSPermGen       total 43008K, used 23478K [0x00000000c8a00000, 0x00000000cb400000, 0x00000000d3000000)
  object space 43008K, 54% used [0x00000000c8a00000,0x00000000ca0ed9a8,0x00000000cb400000)
Event: 81,686 GC heap after
Heap after GC invocations=14 (full 1):
 PSYoungGen      total 82944K, used 979K [0x00000000f1000000, 0x00000000fa880000, 0x0000000100000000)
  eden space 81920K, 0% used [0x00000000f1000000,0x00000000f1000000,0x00000000f6000000)
  from space 1024K, 95% used [0x00000000f9680000,0x00000000f9774e10,0x00000000f9780000)
  to   space 11264K, 0% used [0x00000000f9d80000,0x00000000f9d80000,0x00000000fa880000)
 ParOldGen       total 37888K, used 20352K [0x00000000d3000000, 0x00000000d5500000, 0x00000000f1000000)
  object space 37888K, 53% used [0x00000000d3000000,0x00000000d43e00b0,0x00000000d5500000)
 PSPermGen       total 43008K, used 23478K [0x00000000c8a00000, 0x00000000cb400000, 0x00000000d3000000)
  object space 43008K, 54% used [0x00000000c8a00000,0x00000000ca0ed9a8,0x00000000cb400000)
}
Event: 82,898 GC heap before
{Heap before GC invocations=15 (full 1):
 PSYoungGen      total 82944K, used 82899K [0x00000000f1000000, 0x00000000fa880000, 0x0000000100000000)
  eden space 81920K, 100% used [0x00000000f1000000,0x00000000f6000000,0x00000000f6000000)
  from space 1024K, 95% used [0x00000000f9680000,0x00000000f9774e10,0x00000000f9780000)
  to   space 11264K, 0% used [0x00000000f9d80000,0x00000000f9d80000,0x00000000fa880000)
 ParOldGen       total 37888K, used 20352K [0x00000000d3000000, 0x00000000d5500000, 0x00000000f1000000)
  object space 37888K, 53% used [0x00000000d3000000,0x00000000d43e00b0,0x00000000d5500000)
 PSPermGen       total 43008K, used 23895K [0x00000000c8a00000, 0x00000000cb400000, 0x00000000d3000000)
  object space 43008K, 55% used [0x00000000c8a00000,0x00000000ca155e80,0x00000000cb400000)
Event: 82,907 GC heap after
Heap after GC invocations=15 (full 1):
 PSYoungGen      total 81920K, used 2812K [0x00000000f1000000, 0x00000000fa080000, 0x0000000100000000)
  eden space 78848K, 0% used [0x00000000f1000000,0x00000000f1000000,0x00000000f5d00000)
  from space 3072K, 91% used [0x00000000f9d80000,0x00000000fa03f048,0x00000000fa080000)
  to   space 11264K, 0% used [0x00000000f8a80000,0x00000000f8a80000,0x00000000f9580000)
 ParOldGen       total 37888K, used 20400K [0x00000000d3000000, 0x00000000d5500000, 0x00000000f1000000)
  object space 37888K, 53% used [0x00000000d3000000,0x00000000d43ec0b0,0x00000000d5500000)
 PSPermGen       total 43008K, used 23895K [0x00000000c8a00000, 0x00000000cb400000, 0x00000000d3000000)
  object space 43008K, 55% used [0x00000000c8a00000,0x00000000ca155e80,0x00000000cb400000)
}
Event: 84,441 GC heap before
{Heap before GC invocations=16 (full 1):
 PSYoungGen      total 81920K, used 81660K [0x00000000f1000000, 0x00000000fa080000, 0x0000000100000000)
  eden space 78848K, 100% used [0x00000000f1000000,0x00000000f5d00000,0x00000000f5d00000)
  from space 3072K, 91% used [0x00000000f9d80000,0x00000000fa03f048,0x00000000fa080000)
  to   space 11264K, 0% used [0x00000000f8a80000,0x00000000f8a80000,0x00000000f9580000)
 ParOldGen       total 37888K, used 20400K [0x00000000d3000000, 0x00000000d5500000, 0x00000000f1000000)
  object space 37888K, 53% used [0x00000000d3000000,0x00000000d43ec0b0,0x00000000d5500000)
 PSPermGen       total 43008K, used 23918K [0x00000000c8a00000, 0x00000000cb400000, 0x00000000d3000000)
  object space 43008K, 55% used [0x00000000c8a00000,0x00000000ca15bab0,0x00000000cb400000)
Event: 84,466 GC heap after
Heap after GC invocations=16 (full 1):
 PSYoungGen      total 126464K, used 10156K [0x00000000f1000000, 0x00000000f9e00000, 0x0000000100000000)
  eden space 116224K, 0% used [0x00000000f1000000,0x00000000f1000000,0x00000000f8180000)
  from space 10240K, 99% used [0x00000000f8a80000,0x00000000f946b348,0x00000000f9480000)
  to   space 9728K, 0% used [0x00000000f9480000,0x00000000f9480000,0x00000000f9e00000)
 ParOldGen       total 37888K, used 21451K [0x00000000d3000000, 0x00000000d5500000, 0x00000000f1000000)
  object space 37888K, 56% used [0x00000000d3000000,0x00000000d44f2e20,0x00000000d5500000)
 PSPermGen       total 43008K, used 23918K [0x00000000c8a00000, 0x00000000cb400000, 0x00000000d3000000)
  object space 43008K, 55% used [0x00000000c8a00000,0x00000000ca15bab0,0x00000000cb400000)
}
Event: 85,292 GC heap before
{Heap before GC invocations=17 (full 1):
 PSYoungGen      total 126464K, used 126380K [0x00000000f1000000, 0x00000000f9e00000, 0x0000000100000000)
  eden space 116224K, 100% used [0x00000000f1000000,0x00000000f8180000,0x00000000f8180000)
  from space 10240K, 99% used [0x00000000f8a80000,0x00000000f946b348,0x00000000f9480000)
  to   space 9728K, 0% used [0x00000000f9480000,0x00000000f9480000,0x00000000f9e00000)
 ParOldGen       total 37888K, used 21451K [0x00000000d3000000, 0x00000000d5500000, 0x00000000f1000000)
  object space 37888K, 56% used [0x00000000d3000000,0x00000000d44f2e20,0x00000000d5500000)
 PSPermGen       total 43008K, used 23942K [0x00000000c8a00000, 0x00000000cb400000, 0x00000000d3000000)
  object space 43008K, 55% used [0x00000000c8a00000,0x00000000ca161868,0x00000000cb400000)

