# JRE version: OpenJDK Runtime Environment (7.0_79-b14) (build 1.7.0_79-b14)
# Java VM: OpenJDK 64-Bit Server VM (24.79-b02 mixed mode linux-amd64 compressed oops)
Heap
 PSYoungGen      total 165376K, used 15687K [0x00000000f1000000, 0x00000000fc500000, 0x0000000100000000)
  eden space 148992K, 0% used [0x00000000f1000000,0x00000000f1000000,0x00000000fa180000)
  from space 16384K, 95% used [0x00000000fa180000,0x00000000fb0d1f58,0x00000000fb180000)
  to   space 12800K, 0% used [0x00000000fb180000,0x00000000fb180000,0x00000000fbe00000)
 ParOldGen       total 30720K, used 28684K [0x00000000d3000000, 0x00000000d4e00000, 0x00000000f1000000)
  object space 30720K, 93% used [0x00000000d3000000,0x00000000d4c03060,0x00000000d4e00000)
 PSPermGen       total 38400K, used 38389K [0x00000000c8a00000, 0x00000000caf80000, 0x00000000d3000000)
  object space 38400K, 99% used [0x00000000c8a00000,0x00000000caf7d5a0,0x00000000caf80000)
GC Heap History (10 events):
Event: 4,875 GC heap after
Heap after GC invocations=6 (full 0):
 PSYoungGen      total 52736K, used 4032K [0x00000000f1000000, 0x00000000f4900000, 0x0000000100000000)
  eden space 48640K, 0% used [0x00000000f1000000,0x00000000f1000000,0x00000000f3f80000)
  from space 4096K, 98% used [0x00000000f4400000,0x00000000f47f02e8,0x00000000f4800000)
  to   space 4608K, 0% used [0x00000000f3f80000,0x00000000f3f80000,0x00000000f4400000)
 ParOldGen       total 30720K, used 6219K [0x00000000d3000000, 0x00000000d4e00000, 0x00000000f1000000)
  object space 30720K, 20% used [0x00000000d3000000,0x00000000d3612fd0,0x00000000d4e00000)
 PSPermGen       total 21504K, used 13885K [0x00000000c8a00000, 0x00000000c9f00000, 0x00000000d3000000)
  object space 21504K, 64% used [0x00000000c8a00000,0x00000000c978f578,0x00000000c9f00000)
}
Event: 6,431 GC heap before
{Heap before GC invocations=7 (full 0):
 PSYoungGen      total 52736K, used 52672K [0x00000000f1000000, 0x00000000f4900000, 0x0000000100000000)
  eden space 48640K, 100% used [0x00000000f1000000,0x00000000f3f80000,0x00000000f3f80000)
  from space 4096K, 98% used [0x00000000f4400000,0x00000000f47f02e8,0x00000000f4800000)
  to   space 4608K, 0% used [0x00000000f3f80000,0x00000000f3f80000,0x00000000f4400000)
 ParOldGen       total 30720K, used 6219K [0x00000000d3000000, 0x00000000d4e00000, 0x00000000f1000000)
  object space 30720K, 20% used [0x00000000d3000000,0x00000000d3612fd0,0x00000000d4e00000)
 PSPermGen       total 21504K, used 14194K [0x00000000c8a00000, 0x00000000c9f00000, 0x00000000d3000000)
  object space 21504K, 66% used [0x00000000c8a00000,0x00000000c97dc9a0,0x00000000c9f00000)
Event: 6,448 GC heap after
Heap after GC invocations=7 (full 0):
 PSYoungGen      total 53248K, used 4608K [0x00000000f1000000, 0x00000000f7b00000, 0x0000000100000000)
  eden space 48640K, 0% used [0x00000000f1000000,0x00000000f1000000,0x00000000f3f80000)
  from space 4608K, 100% used [0x00000000f3f80000,0x00000000f4400000,0x00000000f4400000)
  to   space 6144K, 0% used [0x00000000f7500000,0x00000000f7500000,0x00000000f7b00000)
 ParOldGen       total 30720K, used 7428K [0x00000000d3000000, 0x00000000d4e00000, 0x00000000f1000000)
  object space 30720K, 24% used [0x00000000d3000000,0x00000000d3741088,0x00000000d4e00000)
 PSPermGen       total 21504K, used 14194K [0x00000000c8a00000, 0x00000000c9f00000, 0x00000000d3000000)
  object space 21504K, 66% used [0x00000000c8a00000,0x00000000c97dc9a0,0x00000000c9f00000)
}
Event: 8,044 GC heap before
{Heap before GC invocations=8 (full 0):
 PSYoungGen      total 53248K, used 53248K [0x00000000f1000000, 0x00000000f7b00000, 0x0000000100000000)
  eden space 48640K, 100% used [0x00000000f1000000,0x00000000f3f80000,0x00000000f3f80000)
  from space 4608K, 100% used [0x00000000f3f80000,0x00000000f4400000,0x00000000f4400000)
  to   space 6144K, 0% used [0x00000000f7500000,0x00000000f7500000,0x00000000f7b00000)
 ParOldGen       total 30720K, used 7428K [0x00000000d3000000, 0x00000000d4e00000, 0x00000000f1000000)
  object space 30720K, 24% used [0x00000000d3000000,0x00000000d3741088,0x00000000d4e00000)
 PSPermGen       total 21504K, used 16670K [0x00000000c8a00000, 0x00000000c9f00000, 0x00000000d3000000)
  object space 21504K, 77% used [0x00000000c8a00000,0x00000000c9a47828,0x00000000c9f00000)
Event: 8,064 GC heap after
Heap after GC invocations=8 (full 0):
 PSYoungGen      total 101376K, used 6128K [0x00000000f1000000, 0x00000000f7f00000, 0x0000000100000000)
  eden space 95232K, 0% used [0x00000000f1000000,0x00000000f1000000,0x00000000f6d00000)
  from space 6144K, 99% used [0x00000000f7500000,0x00000000f7afc050,0x00000000f7b00000)
  to   space 8192K, 0% used [0x00000000f6d00000,0x00000000f6d00000,0x00000000f7500000)
 ParOldGen       total 30720K, used 10191K [0x00000000d3000000, 0x00000000d4e00000, 0x00000000f1000000)
  object space 30720K, 33% used [0x00000000d3000000,0x00000000d39f3d30,0x00000000d4e00000)
 PSPermGen       total 21504K, used 16670K [0x00000000c8a00000, 0x00000000c9f00000, 0x00000000d3000000)
  object space 21504K, 77% used [0x00000000c8a00000,0x00000000c9a47828,0x00000000c9f00000)
}
Event: 16,291 GC heap before
{Heap before GC invocations=9 (full 0):
 PSYoungGen      total 101376K, used 101360K [0x00000000f1000000, 0x00000000f7f00000, 0x0000000100000000)
  eden space 95232K, 100% used [0x00000000f1000000,0x00000000f6d00000,0x00000000f6d00000)
  from space 6144K, 99% used [0x00000000f7500000,0x00000000f7afc050,0x00000000f7b00000)
  to   space 8192K, 0% used [0x00000000f6d00000,0x00000000f6d00000,0x00000000f7500000)
 ParOldGen       total 30720K, used 10191K [0x00000000d3000000, 0x00000000d4e00000, 0x00000000f1000000)
  object space 30720K, 33% used [0x00000000d3000000,0x00000000d39f3d30,0x00000000d4e00000)
 PSPermGen       total 21504K, used 19688K [0x00000000c8a00000, 0x00000000c9f00000, 0x00000000d3000000)
  object space 21504K, 91% used [0x00000000c8a00000,0x00000000c9d3a248,0x00000000c9f00000)
Event: 16,353 GC heap after
Heap after GC invocations=9 (full 0):
 PSYoungGen      total 103424K, used 8165K [0x00000000f1000000, 0x00000000fbe00000, 0x0000000100000000)
  eden space 95232K, 0% used [0x00000000f1000000,0x00000000f1000000,0x00000000f6d00000)
  from space 8192K, 99% used [0x00000000f6d00000,0x00000000f74f96f0,0x00000000f7500000)
  to   space 12800K, 0% used [0x00000000fb180000,0x00000000fb180000,0x00000000fbe00000)
 ParOldGen       total 30720K, used 18279K [0x00000000d3000000, 0x00000000d4e00000, 0x00000000f1000000)
  object space 30720K, 59% used [0x00000000d3000000,0x00000000d41d9c88,0x00000000d4e00000)
 PSPermGen       total 21504K, used 19688K [0x00000000c8a00000, 0x00000000c9f00000, 0x00000000d3000000)
  object space 21504K, 91% used [0x00000000c8a00000,0x00000000c9d3a248,0x00000000c9f00000)
}
Event: 21,209 GC heap before
{Heap before GC invocations=10 (full 0):
 PSYoungGen      total 103424K, used 103397K [0x00000000f1000000, 0x00000000fbe00000, 0x0000000100000000)
  eden space 95232K, 100% used [0x00000000f1000000,0x00000000f6d00000,0x00000000f6d00000)
  from space 8192K, 99% used [0x00000000f6d00000,0x00000000f74f96f0,0x00000000f7500000)
  to   space 12800K, 0% used [0x00000000fb180000,0x00000000fb180000,0x00000000fbe00000)
 ParOldGen       total 30720K, used 18279K [0x00000000d3000000, 0x00000000d4e00000, 0x00000000f1000000)
  object space 30720K, 59% used [0x00000000d3000000,0x00000000d41d9c88,0x00000000d4e00000)
 PSPermGen       total 26112K, used 25936K [0x00000000c8a00000, 0x00000000ca380000, 0x00000000d3000000)
  object space 26112K, 99% used [0x00000000c8a00000,0x00000000ca354060,0x00000000ca380000)
Event: 21,289 GC heap after
Heap after GC invocations=10 (full 0):
 PSYoungGen      total 161792K, used 12785K [0x00000000f1000000, 0x00000000fc500000, 0x0000000100000000)
  eden space 148992K, 0% used [0x00000000f1000000,0x00000000f1000000,0x00000000fa180000)
  from space 12800K, 99% used [0x00000000fb180000,0x00000000fbdfc520,0x00000000fbe00000)
  to   space 16384K, 0% used [0x00000000fa180000,0x00000000fa180000,0x00000000fb180000)
 ParOldGen       total 30720K, used 22252K [0x00000000d3000000, 0x00000000d4e00000, 0x00000000f1000000)
  object space 30720K, 72% used [0x00000000d3000000,0x00000000d45bb190,0x00000000d4e00000)
 PSPermGen       total 26112K, used 25936K [0x00000000c8a00000, 0x00000000ca380000, 0x00000000d3000000)
  object space 26112K, 99% used [0x00000000c8a00000,0x00000000ca354060,0x00000000ca380000)
}
Event: 29,010 GC heap before
{Heap before GC invocations=11 (full 0):
 PSYoungGen      total 161792K, used 161777K [0x00000000f1000000, 0x00000000fc500000, 0x0000000100000000)
  eden space 148992K, 100% used [0x00000000f1000000,0x00000000fa180000,0x00000000fa180000)
  from space 12800K, 99% used [0x00000000fb180000,0x00000000fbdfc520,0x00000000fbe00000)
  to   space 16384K, 0% used [0x00000000fa180000,0x00000000fa180000,0x00000000fb180000)
 ParOldGen       total 30720K, used 22252K [0x00000000d3000000, 0x00000000d4e00000, 0x00000000f1000000)
  object space 30720K, 72% used [0x00000000d3000000,0x00000000d45bb190,0x00000000d4e00000)
 PSPermGen       total 38400K, used 38389K [0x00000000c8a00000, 0x00000000caf80000, 0x00000000d3000000)
  object space 38400K, 99% used [0x00000000c8a00000,0x00000000caf7d5a0,0x00000000caf80000)

